$ prettier --write src/**/*.ts
src/agents/architect.agent.ts 34ms (unchanged)
src/agents/backend-dev.agent.ts 6ms (unchanged)
src/agents/cli-dev.agent.ts 6ms (unchanged)
src/agents/definitions.ts 7ms (unchanged)
src/agents/frontend-dev.agent.ts 5ms (unchanged)
src/agents/qa.agent.ts 4ms (unchanged)
src/agents/sm.agent.ts 4ms (unchanged)
src/agents/template-definitions-part2.ts 15ms (unchanged)
src/agents/template-definitions-part3.ts 9ms (unchanged)
src/agents/template-definitions.ts 12ms (unchanged)
src/agents/template-registry.ts 3ms (unchanged)
src/agents/template-validation.ts 14ms (unchanged)
src/agents/templates.ts 1ms (unchanged)
src/agents/types.ts 9ms (unchanged)
src/agents/ux-expert.agent.ts 3ms (unchanged)
src/orchestration/AgentService.ts 13ms (unchanged)
src/orchestration/MetadataService.ts 3ms (unchanged)
src/orchestration/SubagentRegistry.ts 19ms (unchanged)
src/orchestration/TaskDelegation.ts 13ms (unchanged)
src/orchestration/TaskExecutionService.ts 6ms (unchanged)
src/orchestration/types.ts 3ms (unchanged)
